<?xml version="1.0" encoding="UTF-8"?>
<!-- Generated by org.testng.reporters.JUnitXMLReporter -->
<testsuite ignored="0" hostname="MSI" failures="2" tests="3" name="Smoke Tests" time="17.179" errors="0" timestamp="2025-05-04T18:25:04 IST">
  <testcase classname="com.espocrm.tests.LoginSmokeTest" name="testLogin" time="1.894"/>
  <testcase classname="com.espocrm.tests.LoginSmokeTest" name="testLogin" time="1.564">
    <failure type="java.lang.AssertionError" message="Login result does not match expected outcome. expected [false] but found [true]">
      <![CDATA[java.lang.AssertionError: Login result does not match expected outcome. expected [false] but found [true]
at com.espocrm.tests.LoginSmokeTest.testLogin(LoginSmokeTest.java:39)
at java.base/java.util.ArrayList.forEach(ArrayList.java:1597)
... Removed 31 stack frames]]>
    </failure>
  </testcase> <!-- testLogin -->
  <testcase classname="com.espocrm.tests.LoginSmokeTest" name="testLogin" time="1.572">
    <failure type="java.lang.AssertionError" message="Login result does not match expected outcome. expected [false] but found [true]">
      <![CDATA[java.lang.AssertionError: Login result does not match expected outcome. expected [false] but found [true]
at com.espocrm.tests.LoginSmokeTest.testLogin(LoginSmokeTest.java:39)
at java.base/java.util.ArrayList.forEach(ArrayList.java:1597)
... Removed 31 stack frames]]>
    </failure>
  </testcase> <!-- testLogin -->
</testsuite> <!-- Smoke Tests -->
